ERROR - 2023-08-05 18:38:32 --> Error connecting to the database: mysqli_sql_exception: Unknown database 'db' in C:\xampp\htdocs\InventorySoftware\system\Database\MySQLi\Connection.php:170
Stack trace:
#0 C:\xampp\htdocs\InventorySoftware\system\Database\MySQLi\Connection.php(170): mysqli->real_connect('localhost', 'root', Object(SensitiveParameterValue), 'db', 3306, '', 0)
#1 C:\xampp\htdocs\InventorySoftware\system\Database\BaseConnection.php(382): CodeIgniter\Database\MySQLi\Connection->connect(false)
#2 C:\xampp\htdocs\InventorySoftware\system\Database\BaseConnection.php(588): CodeIgniter\Database\BaseConnection->initialize()
#3 C:\xampp\htdocs\InventorySoftware\system\Database\BaseConnection.php(1380): CodeIgniter\Database\BaseConnection->query('SHOW TABLES FRO...')
#4 C:\xampp\htdocs\InventorySoftware\system\Database\BaseConnection.php(1411): CodeIgniter\Database\BaseConnection->listTables()
#5 C:\xampp\htdocs\InventorySoftware\system\Database\MigrationRunner.php(759): CodeIgniter\Database\BaseConnection->tableExists('migrations')
#6 C:\xampp\htdocs\InventorySoftware\system\Database\MigrationRunner.php(240): CodeIgniter\Database\MigrationRunner->ensureTable()
#7 C:\xampp\htdocs\InventorySoftware\system\Commands\Database\MigrateRollback.php(92): CodeIgniter\Database\MigrationRunner->regress(0)
#8 C:\xampp\htdocs\InventorySoftware\system\CLI\Commands.php(63): CodeIgniter\Commands\Database\MigrateRollback->run(Array)
#9 C:\xampp\htdocs\InventorySoftware\system\CLI\BaseCommand.php(112): CodeIgniter\CLI\Commands->run('migrate:rollbac...', Array)
#10 C:\xampp\htdocs\InventorySoftware\system\Commands\Database\MigrateRefresh.php(84): CodeIgniter\CLI\BaseCommand->call('migrate:rollbac...', Array)
#11 C:\xampp\htdocs\InventorySoftware\system\CLI\Commands.php(63): CodeIgniter\Commands\Database\MigrateRefresh->run(Array)
#12 C:\xampp\htdocs\InventorySoftware\system\CLI\CommandRunner.php(65): CodeIgniter\CLI\Commands->run('migrate:refresh', Array)
#13 C:\xampp\htdocs\InventorySoftware\system\CLI\CommandRunner.php(51): CodeIgniter\CLI\CommandRunner->index(Array)
#14 C:\xampp\htdocs\InventorySoftware\system\CodeIgniter.php(891): CodeIgniter\CLI\CommandRunner->_remap('index', Array)
#15 C:\xampp\htdocs\InventorySoftware\system\CodeIgniter.php(457): CodeIgniter\CodeIgniter->runController(Object(CodeIgniter\CLI\CommandRunner))
#16 C:\xampp\htdocs\InventorySoftware\system\CodeIgniter.php(336): CodeIgniter\CodeIgniter->handleRequest(NULL, Object(Config\Cache), false)
#17 C:\xampp\htdocs\InventorySoftware\system\CLI\Console.php(48): CodeIgniter\CodeIgniter->run()
#18 C:\xampp\htdocs\InventorySoftware\spark(98): CodeIgniter\CLI\Console->run()
#19 {main}

Next CodeIgniter\Database\Exceptions\DatabaseException: Unknown database 'db' in C:\xampp\htdocs\InventorySoftware\system\Database\MySQLi\Connection.php:215
Stack trace:
#0 C:\xampp\htdocs\InventorySoftware\system\Database\BaseConnection.php(382): CodeIgniter\Database\MySQLi\Connection->connect(false)
#1 C:\xampp\htdocs\InventorySoftware\system\Database\BaseConnection.php(588): CodeIgniter\Database\BaseConnection->initialize()
#2 C:\xampp\htdocs\InventorySoftware\system\Database\BaseConnection.php(1380): CodeIgniter\Database\BaseConnection->query('SHOW TABLES FRO...')
#3 C:\xampp\htdocs\InventorySoftware\system\Database\BaseConnection.php(1411): CodeIgniter\Database\BaseConnection->listTables()
#4 C:\xampp\htdocs\InventorySoftware\system\Database\MigrationRunner.php(759): CodeIgniter\Database\BaseConnection->tableExists('migrations')
#5 C:\xampp\htdocs\InventorySoftware\system\Database\MigrationRunner.php(240): CodeIgniter\Database\MigrationRunner->ensureTable()
#6 C:\xampp\htdocs\InventorySoftware\system\Commands\Database\MigrateRollback.php(92): CodeIgniter\Database\MigrationRunner->regress(0)
#7 C:\xampp\htdocs\InventorySoftware\system\CLI\Commands.php(63): CodeIgniter\Commands\Database\MigrateRollback->run(Array)
#8 C:\xampp\htdocs\InventorySoftware\system\CLI\BaseCommand.php(112): CodeIgniter\CLI\Commands->run('migrate:rollbac...', Array)
#9 C:\xampp\htdocs\InventorySoftware\system\Commands\Database\MigrateRefresh.php(84): CodeIgniter\CLI\BaseCommand->call('migrate:rollbac...', Array)
#10 C:\xampp\htdocs\InventorySoftware\system\CLI\Commands.php(63): CodeIgniter\Commands\Database\MigrateRefresh->run(Array)
#11 C:\xampp\htdocs\InventorySoftware\system\CLI\CommandRunner.php(65): CodeIgniter\CLI\Commands->run('migrate:refresh', Array)
#12 C:\xampp\htdocs\InventorySoftware\system\CLI\CommandRunner.php(51): CodeIgniter\CLI\CommandRunner->index(Array)
#13 C:\xampp\htdocs\InventorySoftware\system\CodeIgniter.php(891): CodeIgniter\CLI\CommandRunner->_remap('index', Array)
#14 C:\xampp\htdocs\InventorySoftware\system\CodeIgniter.php(457): CodeIgniter\CodeIgniter->runController(Object(CodeIgniter\CLI\CommandRunner))
#15 C:\xampp\htdocs\InventorySoftware\system\CodeIgniter.php(336): CodeIgniter\CodeIgniter->handleRequest(NULL, Object(Config\Cache), false)
#16 C:\xampp\htdocs\InventorySoftware\system\CLI\Console.php(48): CodeIgniter\CodeIgniter->run()
#17 C:\xampp\htdocs\InventorySoftware\spark(98): CodeIgniter\CLI\Console->run()
#18 {main}
ERROR - 2023-08-05 18:38:32 --> Error connecting to the database: mysqli_sql_exception: Unknown database 'db' in C:\xampp\htdocs\InventorySoftware\system\Database\MySQLi\Connection.php:170
Stack trace:
#0 C:\xampp\htdocs\InventorySoftware\system\Database\MySQLi\Connection.php(170): mysqli->real_connect('localhost', 'root', Object(SensitiveParameterValue), 'db', 3306, '', 0)
#1 C:\xampp\htdocs\InventorySoftware\system\Database\BaseConnection.php(382): CodeIgniter\Database\MySQLi\Connection->connect(false)
#2 C:\xampp\htdocs\InventorySoftware\system\Database\BaseConnection.php(588): CodeIgniter\Database\BaseConnection->initialize()
#3 C:\xampp\htdocs\InventorySoftware\system\Database\BaseConnection.php(1380): CodeIgniter\Database\BaseConnection->query('SHOW TABLES FRO...')
#4 C:\xampp\htdocs\InventorySoftware\system\Database\BaseConnection.php(1411): CodeIgniter\Database\BaseConnection->listTables()
#5 C:\xampp\htdocs\InventorySoftware\system\Database\MigrationRunner.php(759): CodeIgniter\Database\BaseConnection->tableExists('migrations')
#6 C:\xampp\htdocs\InventorySoftware\system\Database\MigrationRunner.php(167): CodeIgniter\Database\MigrationRunner->ensureTable()
#7 C:\xampp\htdocs\InventorySoftware\system\Commands\Database\Migrate.php(84): CodeIgniter\Database\MigrationRunner->latest(NULL)
#8 C:\xampp\htdocs\InventorySoftware\system\CLI\Commands.php(63): CodeIgniter\Commands\Database\Migrate->run(Array)
#9 C:\xampp\htdocs\InventorySoftware\system\CLI\BaseCommand.php(112): CodeIgniter\CLI\Commands->run('migrate', Array)
#10 C:\xampp\htdocs\InventorySoftware\system\Commands\Database\MigrateRefresh.php(85): CodeIgniter\CLI\BaseCommand->call('migrate', Array)
#11 C:\xampp\htdocs\InventorySoftware\system\CLI\Commands.php(63): CodeIgniter\Commands\Database\MigrateRefresh->run(Array)
#12 C:\xampp\htdocs\InventorySoftware\system\CLI\CommandRunner.php(65): CodeIgniter\CLI\Commands->run('migrate:refresh', Array)
#13 C:\xampp\htdocs\InventorySoftware\system\CLI\CommandRunner.php(51): CodeIgniter\CLI\CommandRunner->index(Array)
#14 C:\xampp\htdocs\InventorySoftware\system\CodeIgniter.php(891): CodeIgniter\CLI\CommandRunner->_remap('index', Array)
#15 C:\xampp\htdocs\InventorySoftware\system\CodeIgniter.php(457): CodeIgniter\CodeIgniter->runController(Object(CodeIgniter\CLI\CommandRunner))
#16 C:\xampp\htdocs\InventorySoftware\system\CodeIgniter.php(336): CodeIgniter\CodeIgniter->handleRequest(NULL, Object(Config\Cache), false)
#17 C:\xampp\htdocs\InventorySoftware\system\CLI\Console.php(48): CodeIgniter\CodeIgniter->run()
#18 C:\xampp\htdocs\InventorySoftware\spark(98): CodeIgniter\CLI\Console->run()
#19 {main}

Next CodeIgniter\Database\Exceptions\DatabaseException: Unknown database 'db' in C:\xampp\htdocs\InventorySoftware\system\Database\MySQLi\Connection.php:215
Stack trace:
#0 C:\xampp\htdocs\InventorySoftware\system\Database\BaseConnection.php(382): CodeIgniter\Database\MySQLi\Connection->connect(false)
#1 C:\xampp\htdocs\InventorySoftware\system\Database\BaseConnection.php(588): CodeIgniter\Database\BaseConnection->initialize()
#2 C:\xampp\htdocs\InventorySoftware\system\Database\BaseConnection.php(1380): CodeIgniter\Database\BaseConnection->query('SHOW TABLES FRO...')
#3 C:\xampp\htdocs\InventorySoftware\system\Database\BaseConnection.php(1411): CodeIgniter\Database\BaseConnection->listTables()
#4 C:\xampp\htdocs\InventorySoftware\system\Database\MigrationRunner.php(759): CodeIgniter\Database\BaseConnection->tableExists('migrations')
#5 C:\xampp\htdocs\InventorySoftware\system\Database\MigrationRunner.php(167): CodeIgniter\Database\MigrationRunner->ensureTable()
#6 C:\xampp\htdocs\InventorySoftware\system\Commands\Database\Migrate.php(84): CodeIgniter\Database\MigrationRunner->latest(NULL)
#7 C:\xampp\htdocs\InventorySoftware\system\CLI\Commands.php(63): CodeIgniter\Commands\Database\Migrate->run(Array)
#8 C:\xampp\htdocs\InventorySoftware\system\CLI\BaseCommand.php(112): CodeIgniter\CLI\Commands->run('migrate', Array)
#9 C:\xampp\htdocs\InventorySoftware\system\Commands\Database\MigrateRefresh.php(85): CodeIgniter\CLI\BaseCommand->call('migrate', Array)
#10 C:\xampp\htdocs\InventorySoftware\system\CLI\Commands.php(63): CodeIgniter\Commands\Database\MigrateRefresh->run(Array)
#11 C:\xampp\htdocs\InventorySoftware\system\CLI\CommandRunner.php(65): CodeIgniter\CLI\Commands->run('migrate:refresh', Array)
#12 C:\xampp\htdocs\InventorySoftware\system\CLI\CommandRunner.php(51): CodeIgniter\CLI\CommandRunner->index(Array)
#13 C:\xampp\htdocs\InventorySoftware\system\CodeIgniter.php(891): CodeIgniter\CLI\CommandRunner->_remap('index', Array)
#14 C:\xampp\htdocs\InventorySoftware\system\CodeIgniter.php(457): CodeIgniter\CodeIgniter->runController(Object(CodeIgniter\CLI\CommandRunner))
#15 C:\xampp\htdocs\InventorySoftware\system\CodeIgniter.php(336): CodeIgniter\CodeIgniter->handleRequest(NULL, Object(Config\Cache), false)
#16 C:\xampp\htdocs\InventorySoftware\system\CLI\Console.php(48): CodeIgniter\CodeIgniter->run()
#17 C:\xampp\htdocs\InventorySoftware\spark(98): CodeIgniter\CLI\Console->run()
#18 {main}
CRITICAL - 2023-08-05 18:39:17 --> Cannot declare class App\Database\Migrations\AddTableSite, because the name is already in use
in APPPATH\Database\Migrations\2022-08-08-103209_AddTableSite.php on line 7.
 1 [internal function]: CodeIgniter\Debug\Exceptions->shutdownHandler()
ERROR - 2023-08-05 18:42:12 --> mysqli_sql_exception: Key column 'packageDetailId' doesn't exist in table in C:\xampp\htdocs\InventorySoftware\system\Database\MySQLi\Connection.php:292
Stack trace:
#0 C:\xampp\htdocs\InventorySoftware\system\Database\MySQLi\Connection.php(292): mysqli->query('CREATE INDEX ID...', 0)
#1 C:\xampp\htdocs\InventorySoftware\system\Database\BaseConnection.php(693): CodeIgniter\Database\MySQLi\Connection->execute('CREATE INDEX ID...')
#2 C:\xampp\htdocs\InventorySoftware\system\Database\BaseConnection.php(620): CodeIgniter\Database\BaseConnection->simpleQuery('CREATE INDEX ID...')
#3 C:\xampp\htdocs\InventorySoftware\app\Database\Migrations\2022-09-11-082917_AddTableDeliveryOrdersDetails.php(90): CodeIgniter\Database\BaseConnection->query('CREATE INDEX ID...')
#4 C:\xampp\htdocs\InventorySoftware\system\Database\MigrationRunner.php(868): App\Database\Migrations\AddTableDeliveryOrdersDetails->up()
#5 C:\xampp\htdocs\InventorySoftware\system\Database\MigrationRunner.php(187): CodeIgniter\Database\MigrationRunner->migrate('up', Object(stdClass))
#6 C:\xampp\htdocs\InventorySoftware\system\Commands\Database\Migrate.php(84): CodeIgniter\Database\MigrationRunner->latest(NULL)
#7 C:\xampp\htdocs\InventorySoftware\system\CLI\Commands.php(63): CodeIgniter\Commands\Database\Migrate->run(Array)
#8 C:\xampp\htdocs\InventorySoftware\system\CLI\BaseCommand.php(112): CodeIgniter\CLI\Commands->run('migrate', Array)
#9 C:\xampp\htdocs\InventorySoftware\system\Commands\Database\MigrateRefresh.php(85): CodeIgniter\CLI\BaseCommand->call('migrate', Array)
#10 C:\xampp\htdocs\InventorySoftware\system\CLI\Commands.php(63): CodeIgniter\Commands\Database\MigrateRefresh->run(Array)
#11 C:\xampp\htdocs\InventorySoftware\system\CLI\CommandRunner.php(65): CodeIgniter\CLI\Commands->run('migrate:refresh', Array)
#12 C:\xampp\htdocs\InventorySoftware\system\CLI\CommandRunner.php(51): CodeIgniter\CLI\CommandRunner->index(Array)
#13 C:\xampp\htdocs\InventorySoftware\system\CodeIgniter.php(891): CodeIgniter\CLI\CommandRunner->_remap('index', Array)
#14 C:\xampp\htdocs\InventorySoftware\system\CodeIgniter.php(457): CodeIgniter\CodeIgniter->runController(Object(CodeIgniter\CLI\CommandRunner))
#15 C:\xampp\htdocs\InventorySoftware\system\CodeIgniter.php(336): CodeIgniter\CodeIgniter->handleRequest(NULL, Object(Config\Cache), false)
#16 C:\xampp\htdocs\InventorySoftware\system\CLI\Console.php(48): CodeIgniter\CodeIgniter->run()
#17 C:\xampp\htdocs\InventorySoftware\spark(98): CodeIgniter\CLI\Console->run()
#18 {main}
ERROR - 2023-08-05 18:42:12 --> mysqli_sql_exception: Key column 'packageDetailId' doesn't exist in table in C:\xampp\htdocs\InventorySoftware\system\Database\MySQLi\Connection.php:292
Stack trace:
#0 C:\xampp\htdocs\InventorySoftware\system\Database\MySQLi\Connection.php(292): mysqli->query('CREATE INDEX ID...', 0)
#1 C:\xampp\htdocs\InventorySoftware\system\Database\BaseConnection.php(693): CodeIgniter\Database\MySQLi\Connection->execute('CREATE INDEX ID...')
#2 C:\xampp\htdocs\InventorySoftware\system\Database\BaseConnection.php(620): CodeIgniter\Database\BaseConnection->simpleQuery('CREATE INDEX ID...')
#3 C:\xampp\htdocs\InventorySoftware\app\Database\Migrations\2022-09-11-082920_AddTableDeliveryOrdersDetailsTemp.php(79): CodeIgniter\Database\BaseConnection->query('CREATE INDEX ID...')
#4 C:\xampp\htdocs\InventorySoftware\system\Database\MigrationRunner.php(868): App\Database\Migrations\AddTableDeliveryOrdersDetailsTemp->up()
#5 C:\xampp\htdocs\InventorySoftware\system\Database\MigrationRunner.php(187): CodeIgniter\Database\MigrationRunner->migrate('up', Object(stdClass))
#6 C:\xampp\htdocs\InventorySoftware\system\Commands\Database\Migrate.php(84): CodeIgniter\Database\MigrationRunner->latest(NULL)
#7 C:\xampp\htdocs\InventorySoftware\system\CLI\Commands.php(63): CodeIgniter\Commands\Database\Migrate->run(Array)
#8 C:\xampp\htdocs\InventorySoftware\system\CLI\BaseCommand.php(112): CodeIgniter\CLI\Commands->run('migrate', Array)
#9 C:\xampp\htdocs\InventorySoftware\system\Commands\Database\MigrateRefresh.php(85): CodeIgniter\CLI\BaseCommand->call('migrate', Array)
#10 C:\xampp\htdocs\InventorySoftware\system\CLI\Commands.php(63): CodeIgniter\Commands\Database\MigrateRefresh->run(Array)
#11 C:\xampp\htdocs\InventorySoftware\system\CLI\CommandRunner.php(65): CodeIgniter\CLI\Commands->run('migrate:refresh', Array)
#12 C:\xampp\htdocs\InventorySoftware\system\CLI\CommandRunner.php(51): CodeIgniter\CLI\CommandRunner->index(Array)
#13 C:\xampp\htdocs\InventorySoftware\system\CodeIgniter.php(891): CodeIgniter\CLI\CommandRunner->_remap('index', Array)
#14 C:\xampp\htdocs\InventorySoftware\system\CodeIgniter.php(457): CodeIgniter\CodeIgniter->runController(Object(CodeIgniter\CLI\CommandRunner))
#15 C:\xampp\htdocs\InventorySoftware\system\CodeIgniter.php(336): CodeIgniter\CodeIgniter->handleRequest(NULL, Object(Config\Cache), false)
#16 C:\xampp\htdocs\InventorySoftware\system\CLI\Console.php(48): CodeIgniter\CodeIgniter->run()
#17 C:\xampp\htdocs\InventorySoftware\spark(98): CodeIgniter\CLI\Console->run()
#18 {main}
ERROR - 2023-08-05 18:42:12 --> mysqli_sql_exception: Key column 'adjustmentId' doesn't exist in table in C:\xampp\htdocs\InventorySoftware\system\Database\MySQLi\Connection.php:292
Stack trace:
#0 C:\xampp\htdocs\InventorySoftware\system\Database\MySQLi\Connection.php(292): mysqli->query('CREATE INDEX ID...', 0)
#1 C:\xampp\htdocs\InventorySoftware\system\Database\BaseConnection.php(693): CodeIgniter\Database\MySQLi\Connection->execute('CREATE INDEX ID...')
#2 C:\xampp\htdocs\InventorySoftware\system\Database\BaseConnection.php(620): CodeIgniter\Database\BaseConnection->simpleQuery('CREATE INDEX ID...')
#3 C:\xampp\htdocs\InventorySoftware\app\Database\Migrations\2022-10-02-124420_AddTableAdjustments.php(76): CodeIgniter\Database\BaseConnection->query('CREATE INDEX ID...')
#4 C:\xampp\htdocs\InventorySoftware\system\Database\MigrationRunner.php(868): App\Database\Migrations\AddTableAdjustments->up()
#5 C:\xampp\htdocs\InventorySoftware\system\Database\MigrationRunner.php(187): CodeIgniter\Database\MigrationRunner->migrate('up', Object(stdClass))
#6 C:\xampp\htdocs\InventorySoftware\system\Commands\Database\Migrate.php(84): CodeIgniter\Database\MigrationRunner->latest(NULL)
#7 C:\xampp\htdocs\InventorySoftware\system\CLI\Commands.php(63): CodeIgniter\Commands\Database\Migrate->run(Array)
#8 C:\xampp\htdocs\InventorySoftware\system\CLI\BaseCommand.php(112): CodeIgniter\CLI\Commands->run('migrate', Array)
#9 C:\xampp\htdocs\InventorySoftware\system\Commands\Database\MigrateRefresh.php(85): CodeIgniter\CLI\BaseCommand->call('migrate', Array)
#10 C:\xampp\htdocs\InventorySoftware\system\CLI\Commands.php(63): CodeIgniter\Commands\Database\MigrateRefresh->run(Array)
#11 C:\xampp\htdocs\InventorySoftware\system\CLI\CommandRunner.php(65): CodeIgniter\CLI\Commands->run('migrate:refresh', Array)
#12 C:\xampp\htdocs\InventorySoftware\system\CLI\CommandRunner.php(51): CodeIgniter\CLI\CommandRunner->index(Array)
#13 C:\xampp\htdocs\InventorySoftware\system\CodeIgniter.php(891): CodeIgniter\CLI\CommandRunner->_remap('index', Array)
#14 C:\xampp\htdocs\InventorySoftware\system\CodeIgniter.php(457): CodeIgniter\CodeIgniter->runController(Object(CodeIgniter\CLI\CommandRunner))
#15 C:\xampp\htdocs\InventorySoftware\system\CodeIgniter.php(336): CodeIgniter\CodeIgniter->handleRequest(NULL, Object(Config\Cache), false)
#16 C:\xampp\htdocs\InventorySoftware\system\CLI\Console.php(48): CodeIgniter\CodeIgniter->run()
#17 C:\xampp\htdocs\InventorySoftware\spark(98): CodeIgniter\CLI\Console->run()
#18 {main}
